[2025-06-12 11:43:13] INFO: Application initialized successfully
--------------------------------------------------
[2025-06-12 11:43:13] INFO: Starting main event loop
--------------------------------------------------
[2025-06-12 11:50:18] INFO: Application initialized successfully
--------------------------------------------------
[2025-06-12 11:50:18] INFO: Starting main event loop
--------------------------------------------------
[2025-06-12 11:54:09] INFO: Application initialized successfully
--------------------------------------------------
[2025-06-12 11:54:09] INFO: Starting main event loop
--------------------------------------------------
[2025-06-12 11:56:36] INFO: Application initialized successfully
--------------------------------------------------
[2025-06-12 11:56:36] INFO: Starting main event loop
--------------------------------------------------
[2025-06-12 12:00:40] INFO: Application initialized successfully
--------------------------------------------------
[2025-06-12 12:00:40] INFO: Starting main event loop
--------------------------------------------------
[2025-06-12 12:05:45] INFO: Application initialized successfully
--------------------------------------------------
[2025-06-12 12:05:45] INFO: Starting main event loop
--------------------------------------------------
[2025-06-12 12:09:13] INFO: Application initialized successfully
--------------------------------------------------
[2025-06-12 12:09:13] INFO: Starting main event loop
--------------------------------------------------
[2025-06-12 12:11:24] INFO: Application initialized successfully
--------------------------------------------------
[2025-06-12 12:11:24] INFO: Starting main event loop
--------------------------------------------------
[2025-06-12 12:26:00] INFO: Application initialized successfully
--------------------------------------------------
[2025-06-12 12:26:00] INFO: Starting main event loop
--------------------------------------------------
[2025-06-12 12:26:24] INFO: Application initialized successfully
--------------------------------------------------
[2025-06-12 12:26:24] INFO: Starting main event loop
--------------------------------------------------
[2025-06-12 12:37:49] INFO: Application initialized successfully
--------------------------------------------------
[2025-06-12 12:37:49] INFO: Starting main event loop
--------------------------------------------------
[2025-06-12 12:40:34] INFO: Application closed by user (Ctrl+C)
--------------------------------------------------
[2025-06-12 12:40:34] INFO: Starting final cleanup
--------------------------------------------------
[2025-06-12 12:40:34] INFO: Controller cleanup completed
--------------------------------------------------
[2025-06-12 12:40:34] INFO: Process cleanup completed
--------------------------------------------------
[2025-06-12 12:40:34] INFO: Application shutdown complete
--------------------------------------------------
[2025-06-12 12:42:06] INFO: Application initialized successfully
--------------------------------------------------
[2025-06-12 12:42:06] INFO: Starting main event loop
--------------------------------------------------
[2025-06-12 12:43:33] INFO: Application initialized successfully
--------------------------------------------------
[2025-06-12 12:43:33] INFO: Starting main event loop
--------------------------------------------------
[2025-06-12 12:50:06] INFO: Application initialized successfully
--------------------------------------------------
[2025-06-12 12:50:06] INFO: Starting main event loop
--------------------------------------------------
[2025-06-12 12:51:37] INFO: Application initialized successfully
--------------------------------------------------
[2025-06-12 12:51:37] INFO: Starting main event loop
--------------------------------------------------
[2025-06-12 12:57:18] INFO: Application initialized successfully
--------------------------------------------------
[2025-06-12 12:57:18] INFO: Starting main event loop
--------------------------------------------------
[2025-06-12 13:06:42] INFO: Application initialized successfully
--------------------------------------------------
[2025-06-12 13:06:42] INFO: Starting main event loop
--------------------------------------------------
[2025-06-12 13:21:58] INFO: Application initialized successfully
--------------------------------------------------
[2025-06-12 13:21:58] INFO: Starting main event loop
--------------------------------------------------
[2025-06-12 13:22:24] INFO: Application initialized successfully
--------------------------------------------------
[2025-06-12 13:22:24] INFO: Starting main event loop
--------------------------------------------------
[2025-06-12 13:22:43] INFO: Application initialized successfully
--------------------------------------------------
[2025-06-12 13:22:43] INFO: Starting main event loop
--------------------------------------------------
